<?xml version="1.0" encoding="UTF-8"?>
<!-- Generated by org.testng.reporters.JUnitReportReporter -->
<testsuite hostname="Bibhu-PC" failures="0" tests="4" name="api.test.userTest" time="9.465" errors="0" timestamp="2023-07-05T15:10:10 IST" skipped="0">
  <testcase classname="api.test.userTest" name="testpostUser" time="4.310"/>
  <system-out/>
  <testcase classname="api.test.userTest" name="testreaduserGetUsername" time="1.338"/>
  <system-out/>
  <testcase classname="api.test.userTest" name="testupdateUser" time="2.641"/>
  <system-out/>
  <testcase classname="api.test.userTest" name="deleteUser" time="1.176"/>
  <system-out/>
</testsuite> <!-- api.test.userTest -->
